566
38 434 1 203
40 356 1 290
111 210 1 8
141 252 1 410
54 429 2 355
77 97 2 177
142 363 2 495
403 479 2 269
446 494 2 146
2 363 3 297
50 142 3 145
60 323 3 208
199 302 3 247
57 156 5 308
202 432 5 216
354 488 5 172
379 446 6 44
54 464 8 324
103 185 8 205
252 258 8 292
25 284 9 94
313 477 9 209
66 416 10 226
276 299 10 491
70 346 11 276
76 312 12 207
366 439 13 375
7 100 14 421
98 467 14 425
252 269 14 69
290 407 14 124
319 350 15 468
188 320 16 333
9 168 17 276
23 420 17 418
6 55 18 181
32 149 18 178
364 365 18 271
138 477 19 229
450 452 19 157
68 174 20 341
133 319 20 255
94 156 21 34
100 278 21 351
192 341 21 319
128 190 23 400
75 140 24 356
183 469 24 386
100 307 25 205
118 141 25 48
349 434 25 87
189 307 26 257
96 329 28 453
199 204 28 214
268 370 28 414
6 324 29 128
348 430 29 284
387 412 29 498
220 461 30 259
50 170 31 355
38 211 32 251
82 340 32 478
268 274 32 91
81 122 33 51
136 236 33 346
155 493 34 81
283 304 34 364
391 494 34 209
6 300 35 122
116 214 35 410
184 270 35 79
393 423 35 112
135 457 36 403
231 331 36 490
8 292 37 420
57 437 38 498
56 268 39 158
159 426 39 339
10 353 40 308
156 385 40 300
207 494 40 388
412 493 40 62
134 338 41 72
369 481 41 485
30 376 43 234
164 401 43 271
35 447 44 131
115 395 44 126
241 304 45 199
18 33 47 176
53 210 47 497
64 202 47 106
40 419 49 286
75 389 49 201
98 492 49 144
142 442 49 58
28 394 50 192
192 371 50 170
21 129 52 382
368 385 52 178
140 188 53 420
286 399 53 114
363 417 53 380
16 119 54 153
178 402 56 366
294 374 56 311
295 349 56 225
33 285 58 168
304 359 58 408
21 80 59 194
233 340 59 154
443 446 59 84
32 338 60 136
84 394 60 296
116 297 60 372
264 265 60 240
358 488 60 100
16 373 61 260
89 128 61 230
208 309 61 231
357 412 61 402
14 382 63 283
78 107 63 101
99 238 63 426
103 189 63 102
270 293 63 292
43 335 64 348
105 309 64 125
420 456 64 153
22 146 65 80
362 473 65 115
26 492 67 177
125 444 68 369
340 388 68 466
75 179 69 416
186 338 70 181
210 329 70 270
272 279 70 254
23 153 71 200
2 233 72 344
177 215 72 329
425 477 72 110
492 499 72 424
74 179 73 231
145 153 73 165
420 434 73 101
50 211 74 196
196 416 74 459
48 162 75 255
178 361 77 445
127 391 78 186
137 166 78 423
146 438 78 404
270 393 80 240
271 412 80 128
170 221 81 463
75 230 82 289
195 499 83 110
18 245 84 137
83 424 84 209
210 333 85 232
374 446 85 191
264 387 87 198
372 433 87 379
334 445 88 280
435 463 88 101
79 153 89 285
41 91 90 260
76 327 90 132
129 203 90 405
181 395 90 373
259 290 90 388
41 179 91 361
363 437 91 161
216 262 93 204
193 376 94 484
17 426 95 499
241 329 96 240
319 446 96 193
237 280 97 214
33 141 98 477
131 321 98 348
51 268 99 193
260 266 99 359
310 399 99 358
341 446 100 154
207 488 101 306
85 181 102 199
326 463 102 141
13 70 103 260
35 266 103 406
43 315 103 270
182 183 103 212
190 468 103 233
358 433 103 272
190 414 104 243
34 151 105 111
96 308 105 411
216 231 105 412
133 254 106 123
232 234 106 260
11 28 107 245
37 290 107 244
344 440 107 484
119 302 108 267
89 415 109 155
146 289 110 473
226 263 110 309
94 278 111 119
189 394 111 202
347 499 111 201
133 326 112 260
178 240 112 123
314 382 112 424
22 133 113 414
155 304 113 271
407 423 113 118
112 489 114 176
231 493 114 209
59 86 115 178
160 234 116 468
4 447 117 477
82 281 117 318
21 279 118 222
176 286 118 247
134 423 119 146
428 445 119 342
34 200 120 337
192 442 120 301
279 359 121 126
46 241 122 235
138 240 124 289
38 493 125 378
8 226 126 456
219 397 126 492
340 442 127 334
357 472 127 191
378 487 127 227
47 240 128 281
241 433 129 357
407 412 129 215
9 11 131 148
96 236 131 494
215 261 131 342
37 144 133 139
198 205 133 342
164 243 135 224
179 350 135 197
181 415 135 311
50 177 136 160
242 380 136 177
8 332 138 497
110 272 138 413
323 331 138 381
31 222 139 218
60 189 140 468
225 429 140 214
234 328 140 436
433 437 140 194
80 414 141 216
236 290 141 466
30 286 142 320
182 217 142 199
354 435 142 302
464 486 142 339
36 64 143 466
199 352 144 318
354 424 145 354
275 443 147 444
371 385 147 340
406 423 147 328
15 379 148 345
193 288 153 190
97 400 154 432
388 446 155 300
26 130 156 238
153 438 156 229
317 454 156 485
9 327 157 255
88 497 157 377
311 329 157 357
98 242 158 322
117 151 158 421
360 488 158 410
8 43 159 198
127 407 159 276
229 328 159 199
175 413 161 243
9 269 162 174
62 491 164 435
158 234 164 237
225 243 165 293
309 327 165 180
184 214 166 179
327 382 167 192
27 347 168 220
5 416 169 255
64 413 170 395
142 348 170 441
9 28 171 210
212 362 171 395
215 233 171 277
54 299 172 184
152 165 172 435
80 96 173 384
238 394 175 311
299 462 175 205
7 404 176 317
127 498 178 232
163 194 178 419
150 188 180 234
215 412 180 462
269 368 181 357
378 500 181 266
333 394 184 488
348 423 185 448
185 384 187 481
37 453 188 349
86 332 188 215
187 278 188 356
484 491 191 474
55 271 192 456
443 446 192 286
72 79 193 208
374 382 193 387
67 414 196 251
287 470 197 334
24 343 199 250
387 435 199 268
44 318 200 346
137 378 200 329
218 386 200 375
54 301 201 384
233 452 202 320
97 175 203 371
164 335 203 308
468 476 203 260
173 353 204 256
359 395 204 426
59 349 205 427
132 462 205 314
310 408 205 246
121 461 206 370
122 168 207 276
80 155 209 387
57 493 210 357
61 270 210 456
327 445 211 316
3 394 212 344
85 386 212 273
413 479 216 237
69 390 217 496
98 329 218 448
65 347 220 498
220 268 221 309
4 269 223 259
63 297 223 372
309 406 223 270
59 125 224 404
179 352 224 262
15 201 225 474
37 152 228 367
428 437 230 298
10 116 231 423
318 408 232 352
219 375 233 369
76 432 235 385
159 292 235 293
317 328 236 423
105 484 238 306
129 378 238 455
170 380 238 336
303 320 238 278
362 479 238 301
148 344 241 344
31 161 242 433
438 477 242 298
33 280 243 294
134 328 243 332
161 364 243 435
87 488 244 409
130 401 244 419
1 288 247 344
116 408 247 323
92 203 249 488
313 498 249 276
48 431 254 427
176 472 256 462
344 417 256 340
152 235 258 374
275 398 258 398
368 490 258 339
72 234 261 342
77 159 263 483
188 420 263 355
55 129 266 389
102 456 267 325
306 475 268 405
229 348 271 362
163 457 272 354
305 314 272 364
81 321 273 387
293 402 273 311
434 458 273 306
386 386 274 366
422 439 274 304
5 47 277 292
169 234 277 456
255 355 277 289
200 356 278 493
465 500 278 459
37 189 279 342
14 389 281 388
231 302 281 397
88 376 284 328
150 188 284 403
232 302 284 389
354 360 286 472
85 348 287 366
447 481 287 300
155 230 290 326
241 355 290 424
280 326 291 325
44 263 292 328
309 421 293 427
145 205 294 364
66 107 298 411
105 481 298 451
304 431 298 350
138 477 299 403
287 341 300 307
262 286 301 461
432 481 301 464
15 318 302 445
94 108 302 346
443 444 302 489
480 488 302 498
49 486 305 457
38 235 307 350
459 488 307 435
171 233 311 446
312 374 311 349
240 392 312 375
358 402 312 424
430 488 313 388
272 328 314 315
362 412 321 471
6 218 324 343
97 300 324 325
409 445 324 352
454 482 324 331
393 491 325 470
231 314 327 363
388 402 327 336
9 372 328 461
118 172 328 429
171 406 329 442
344 423 329 371
364 427 330 341
271 406 332 363
446 482 332 352
138 201 336 428
116 327 338 429
143 280 340 344
392 486 340 388
217 316 341 416
417 435 342 411
190 205 343 468
235 348 343 456
349 463 345 361
109 191 347 471
445 488 348 489
298 488 350 372
275 474 352 382
202 246 353 436
208 482 353 470
2 481 357 399
282 315 360 391
376 380 360 441
168 202 361 492
130 256 362 490
464 481 362 382
209 426 364 465
315 406 364 364
206 295 365 468
407 493 365 498
123 231 366 474
349 386 367 441
211 267 368 454
49 112 371 495
166 311 372 483
406 423 372 429
483 488 373 470
57 176 374 420
444 493 374 492
17 386 376 422
27 333 378 392
27 347 379 385
116 309 380 424
23 63 383 384
29 199 383 402
79 481 383 397
214 232 384 493
249 259 384 445
75 374 385 401
156 382 388 499
28 62 389 439
316 486 389 475
303 344 394 403
143 149 396 469
218 486 397 422
464 481 398 399
143 194 399 452
392 481 400 475
9 427 402 406
385 398 405 407
219 303 407 496
271 423 409 456
284 347 410 480
118 392 411 462
74 420 412 413
134 392 415 429
150 281 417 472
223 256 418 481
177 325 421 492
370 478 422 467
387 486 423 441
102 465 424 472
179 372 424 469
230 496 425 458
310 355 425 470
383 402 425 499
82 388 426 487
57 423 430 456
326 392 430 453
403 488 436 499
6 438 437 446
226 287 438 493
4 241 439 474
260 286 440 456
70 403 441 450
9 131 442 456
175 232 442 450
356 486 442 470
233 343 445 450
388 452 445 461
340 473 450 496
132 343 451 456
10 354 452 486
274 323 454 480
393 469 454 462
344 452 456 456
349 452 457 473
287 452 462 464
413 469 463 471
150 490 464 500
453 481 465 473
145 295 469 470
487 488 471 475
192 469 472 497
72 481 474 499
482 488 476 499
326 469 481 492
478 488 490 497
470 493 493 497
489 493 498 498
