100 1501
0 1
1 2
2 3
3 4
4 5
5 6
6 7
7 8
8 9
9 10
10 11
11 12
12 13
13 14
14 15
15 16
16 17
17 18
18 19
19 20
20 21
21 22
22 23
23 24
24 25
25 26
26 27
27 28
28 29
29 30
30 31
31 32
32 33
33 34
34 35
35 36
36 37
37 38
38 39
39 40
40 41
41 42
42 43
43 44
44 45
45 46
46 47
47 48
48 49
49 50
50 51
51 52
52 53
53 54
54 55
55 56
56 57
57 58
58 59
59 60
60 61
61 62
62 63
63 64
64 65
65 66
66 67
67 68
68 69
69 70
70 71
71 72
72 73
73 74
74 75
75 76
76 77
77 78
78 79
79 80
80 81
81 82
82 83
83 84
84 85
85 86
86 87
87 88
88 89
89 90
90 91
91 92
92 93
93 94
94 95
95 96
96 97
97 98
98 99
0 3
1 4
2 5
3 6
4 7
5 8
6 9
7 10
8 11
9 12
10 13
11 14
12 15
13 16
14 17
15 18
16 19
17 20
18 21
19 22
20 23
21 24
22 25
23 26
24 27
25 28
26 29
27 30
28 31
29 32
30 33
31 34
32 35
33 36
34 37
35 38
36 39
37 40
38 41
39 42
40 43
41 44
42 45
43 46
44 47
45 48
46 49
47 50
48 51
49 52
50 53
51 54
52 55
53 56
54 57
55 58
56 59
57 60
58 61
59 62
60 63
61 64
62 65
63 66
64 67
65 68
66 69
67 70
68 71
69 72
70 73
71 74
72 75
73 76
74 77
75 78
76 79
77 80
78 81
79 82
80 83
81 84
82 85
83 86
84 87
85 88
86 89
87 90
88 91
89 92
90 93
91 94
92 95
93 96
94 97
95 98
96 99
0 5
1 6
2 7
3 8
4 9
5 10
6 11
7 12
8 13
9 14
10 15
11 16
12 17
13 18
14 19
15 20
16 21
17 22
18 23
19 24
20 25
21 26
22 27
23 28
24 29
25 30
26 31
27 32
28 33
29 34
30 35
31 36
32 37
33 38
34 39
35 40
36 41
37 42
38 43
39 44
40 45
41 46
42 47
43 48
44 49
45 50
46 51
47 52
48 53
49 54
50 55
51 56
52 57
53 58
54 59
55 60
56 61
57 62
58 63
59 64
60 65
61 66
62 67
63 68
64 69
65 70
66 71
67 72
68 73
69 74
70 75
71 76
72 77
73 78
74 79
75 80
76 81
77 82
78 83
79 84
80 85
81 86
82 87
83 88
84 89
85 90
86 91
87 92
88 93
89 94
90 95
91 96
92 97
93 98
94 99
0 7
1 8
2 9
3 10
4 11
5 12
6 13
7 14
8 15
9 16
10 17
11 18
12 19
13 20
14 21
15 22
16 23
17 24
18 25
19 26
20 27
21 28
22 29
23 30
24 31
25 32
26 33
27 34
28 35
29 36
30 37
31 38
32 39
33 40
34 41
35 42
36 43
37 44
38 45
39 46
40 47
41 48
42 49
43 50
44 51
45 52
46 53
47 54
48 55
49 56
50 57
51 58
52 59
53 60
54 61
55 62
56 63
57 64
58 65
59 66
60 67
61 68
62 69
63 70
64 71
65 72
66 73
67 74
68 75
69 76
70 77
71 78
72 79
73 80
74 81
75 82
76 83
77 84
78 85
79 86
80 87
81 88
82 89
83 90
84 91
85 92
86 93
87 94
88 95
89 96
90 97
91 98
92 99
0 9
1 10
2 11
3 12
4 13
5 14
6 15
7 16
8 17
9 18
10 19
11 20
12 21
13 22
14 23
15 24
16 25
17 26
18 27
19 28
20 29
21 30
22 31
23 32
24 33
25 34
26 35
27 36
28 37
29 38
30 39
31 40
32 41
33 42
34 43
35 44
36 45
37 46
38 47
39 48
40 49
41 50
42 51
43 52
44 53
45 54
46 55
47 56
48 57
49 58
50 59
51 60
52 61
53 62
54 63
55 64
56 65
57 66
58 67
59 68
60 69
61 70
62 71
63 72
64 73
65 74
66 75
67 76
68 77
69 78
70 79
71 80
72 81
73 82
74 83
75 84
76 85
77 86
78 87
79 88
80 89
81 90
82 91
83 92
84 93
85 94
86 95
87 96
88 97
89 98
90 99
0 11
1 12
2 13
3 14
4 15
5 16
6 17
7 18
8 19
9 20
10 21
11 22
12 23
13 24
14 25
15 26
16 27
17 28
18 29
19 30
20 31
21 32
22 33
23 34
24 35
25 36
26 37
27 38
28 39
29 40
30 41
31 42
32 43
33 44
34 45
35 46
36 47
37 48
38 49
39 50
40 51
41 52
42 53
43 54
44 55
45 56
46 57
47 58
48 59
49 60
50 61
51 62
52 63
53 64
54 65
55 66
56 67
57 68
58 69
59 70
60 71
61 72
62 73
63 74
64 75
65 76
66 77
67 78
68 79
69 80
70 81
71 82
72 83
73 84
74 85
75 86
76 87
77 88
78 89
79 90
80 91
81 92
82 93
83 94
84 95
85 96
86 97
87 98
88 99
0 13
1 14
2 15
3 16
4 17
5 18
6 19
7 20
8 21
9 22
10 23
11 24
12 25
13 26
14 27
15 28
16 29
17 30
18 31
19 32
20 33
21 34
22 35
23 36
24 37
25 38
26 39
27 40
28 41
29 42
30 43
31 44
32 45
33 46
34 47
35 48
36 49
37 50
38 51
39 52
40 53
41 54
42 55
43 56
44 57
45 58
46 59
47 60
48 61
49 62
50 63
51 64
52 65
53 66
54 67
55 68
56 69
57 70
58 71
59 72
60 73
61 74
62 75
63 76
64 77
65 78
66 79
67 80
68 81
69 82
70 83
71 84
72 85
73 86
74 87
75 88
76 89
77 90
78 91
79 92
80 93
81 94
82 95
83 96
84 97
85 98
86 99
0 15
1 16
2 17
3 18
4 19
5 20
6 21
7 22
8 23
9 24
10 25
11 26
12 27
13 28
14 29
15 30
16 31
17 32
18 33
19 34
20 35
21 36
22 37
23 38
24 39
25 40
26 41
27 42
28 43
29 44
30 45
31 46
32 47
33 48
34 49
35 50
36 51
37 52
38 53
39 54
40 55
41 56
42 57
43 58
44 59
45 60
46 61
47 62
48 63
49 64
50 65
51 66
52 67
53 68
54 69
55 70
56 71
57 72
58 73
59 74
60 75
61 76
62 77
63 78
64 79
65 80
66 81
67 82
68 83
69 84
70 85
71 86
72 87
73 88
74 89
75 90
76 91
77 92
78 93
79 94
80 95
81 96
82 97
83 98
84 99
0 17
1 18
2 19
3 20
4 21
5 22
6 23
7 24
8 25
9 26
10 27
11 28
12 29
13 30
14 31
15 32
16 33
17 34
18 35
19 36
20 37
21 38
22 39
23 40
24 41
25 42
26 43
27 44
28 45
29 46
30 47
31 48
32 49
33 50
34 51
35 52
36 53
37 54
38 55
39 56
40 57
41 58
42 59
43 60
44 61
45 62
46 63
47 64
48 65
49 66
50 67
51 68
52 69
53 70
54 71
55 72
56 73
57 74
58 75
59 76
60 77
61 78
62 79
63 80
64 81
65 82
66 83
67 84
68 85
69 86
70 87
71 88
72 89
73 90
74 91
75 92
76 93
77 94
78 95
79 96
80 97
81 98
82 99
0 19
1 20
2 21
3 22
4 23
5 24
6 25
7 26
8 27
9 28
10 29
11 30
12 31
13 32
14 33
15 34
16 35
17 36
18 37
19 38
20 39
21 40
22 41
23 42
24 43
25 44
26 45
27 46
28 47
29 48
30 49
31 50
32 51
33 52
34 53
35 54
36 55
37 56
38 57
39 58
40 59
41 60
42 61
43 62
44 63
45 64
46 65
47 66
48 67
49 68
50 69
51 70
52 71
53 72
54 73
55 74
56 75
57 76
58 77
59 78
60 79
61 80
62 81
63 82
64 83
65 84
66 85
67 86
68 87
69 88
70 89
71 90
72 91
73 92
74 93
75 94
76 95
77 96
78 97
79 98
80 99
0 21
1 22
2 23
3 24
4 25
5 26
6 27
7 28
8 29
9 30
10 31
11 32
12 33
13 34
14 35
15 36
16 37
17 38
18 39
19 40
20 41
21 42
22 43
23 44
24 45
25 46
26 47
27 48
28 49
29 50
30 51
31 52
32 53
33 54
34 55
35 56
36 57
37 58
38 59
39 60
40 61
41 62
42 63
43 64
44 65
45 66
46 67
47 68
48 69
49 70
50 71
51 72
52 73
53 74
54 75
55 76
56 77
57 78
58 79
59 80
60 81
61 82
62 83
63 84
64 85
65 86
66 87
67 88
68 89
69 90
70 91
71 92
72 93
73 94
74 95
75 96
76 97
77 98
78 99
0 23
1 24
2 25
3 26
4 27
5 28
6 29
7 30
8 31
9 32
10 33
11 34
12 35
13 36
14 37
15 38
16 39
17 40
18 41
19 42
20 43
21 44
22 45
23 46
24 47
25 48
26 49
27 50
28 51
29 52
30 53
31 54
32 55
33 56
34 57
35 58
36 59
37 60
38 61
39 62
40 63
41 64
42 65
43 66
44 67
45 68
46 69
47 70
48 71
49 72
50 73
51 74
52 75
53 76
54 77
55 78
56 79
57 80
58 81
59 82
60 83
61 84
62 85
63 86
64 87
65 88
66 89
67 90
68 91
69 92
70 93
71 94
72 95
73 96
74 97
75 98
76 99
0 25
1 26
2 27
3 28
4 29
5 30
6 31
7 32
8 33
9 34
10 35
11 36
12 37
13 38
14 39
15 40
16 41
17 42
18 43
19 44
20 45
21 46
22 47
23 48
24 49
25 50
26 51
27 52
28 53
29 54
30 55
31 56
32 57
33 58
34 59
35 60
36 61
37 62
38 63
39 64
40 65
41 66
42 67
43 68
44 69
45 70
46 71
47 72
48 73
49 74
50 75
51 76
52 77
53 78
54 79
55 80
56 81
57 82
58 83
59 84
60 85
61 86
62 87
63 88
64 89
65 90
66 91
67 92
68 93
69 94
70 95
71 96
72 97
73 98
74 99
0 27
1 28
2 29
3 30
4 31
5 32
6 33
7 34
8 35
9 36
10 37
11 38
12 39
13 40
14 41
15 42
16 43
17 44
18 45
19 46
20 47
21 48
22 49
23 50
24 51
25 52
26 53
27 54
28 55
29 56
30 57
31 58
32 59
33 60
34 61
35 62
36 63
37 64
38 65
39 66
40 67
41 68
42 69
43 70
44 71
45 72
46 73
47 74
48 75
49 76
50 77
51 78
52 79
53 80
54 81
55 82
56 83
57 84
58 85
59 86
60 87
61 88
62 89
63 90
64 91
65 92
66 93
67 94
68 95
69 96
70 97
71 98
72 99
0 29
1 30
2 31
3 32
4 33
5 34
6 35
7 36
8 37
9 38
10 39
11 40
12 41
13 42
14 43
15 44
16 45
17 46
18 47
19 48
20 49
21 50
22 51
23 52
24 53
25 54
26 55
27 56
28 57
29 58
30 59
31 60
32 61
33 62
34 63
35 64
36 65
37 66
38 67
39 68
40 69
41 70
42 71
43 72
44 73
45 74
46 75
47 76
48 77
49 78
50 79
51 80
52 81
53 82
54 83
55 84
56 85
57 86
58 87
59 88
60 89
61 90
62 91
63 92
64 93
65 94
66 95
67 96
68 97
69 98
70 99
0 31
1 32
2 33
3 34
4 35
5 36
6 37
7 38
8 39
9 40
10 41
11 42
12 43
13 44
14 45
15 46
16 47
17 48
18 49
19 50
20 51
21 52
22 53
23 54
24 55
25 56
26 57
27 58
28 59
29 60
30 61
31 62
32 63
33 64
34 65
35 66
36 67
37 68
38 69
39 70
40 71
41 72
42 73
43 74
44 75
45 76
46 77
47 78
48 79
49 80
50 81
51 82
52 83
53 84
54 85
55 86
56 87
57 88
58 89
59 90
60 91
61 92
62 93
63 94
64 95
65 96
66 97
67 98
68 99
0 33
1 34
2 35
3 36
4 37
5 38
6 39
7 40
8 41
9 42
10 43
11 44
12 45
13 46
14 47
15 48
16 49
17 50
18 51
19 52
20 53
21 54
22 55
23 56
24 57
25 58
26 59
27 60
28 61
29 62
30 63
31 64
32 65
33 66
34 67
35 68
36 69
37 70
38 71
39 72
40 73
41 74
42 75
43 76
44 77
45 78
46 79
47 80
48 81
49 82
50 83
51 84
52 85
53 86
54 87
55 88
56 89
57 90
58 91
59 92
60 93
61 94
62 95
63 96
64 97
65 98
66 99
0 35
1 36
2 37
3 38
4 39
5 40
6 41
7 42
8 43
9 44
10 45
11 46
12 47
13 48
14 49
15 50
16 51
17 52
18 53
19 54
20 55
21 56
22 57
23 58
24 59
25 60
26 61
27 62
28 63
29 64
30 65
31 66
32 67
33 68
34 69
35 70
36 71
37 72
38 73
39 74
40 75
41 76
42 77
43 78
44 79
45 80
46 81
47 82
48 83
49 84
50 85
51 86
52 87
53 88
54 89
55 90
56 91
57 92
58 93
59 94
60 95
61 96
62 97
63 98
64 99
0 37
1 38
2 39
3 40
4 41
5 42
6 43
7 44
8 45
9 46
10 47
11 48
12 49
13 50
14 51
15 52
16 53
17 54
18 55
19 56
20 57
21 58
22 59
23 60
24 61
