100
11 0 1 0 1 0 1 0 1 0 1 0 1 0 1 0 1 0 1 0 1 0 1 
11 0 1 0 1 0 1 0 1 0 1 0 1 0 1 0 1 0 1 0 1 0 1 
11 1 1 1 1 1 1 1 1 1 1 1 1 1 1 1 1 1 1 1 1 1 1 
11 2 1 2 1 2 1 2 1 2 1 2 1 2 1 2 1 2 1 2 1 2 1 
11 3 1 3 1 3 1 3 1 3 1 3 1 3 1 3 1 3 1 3 1 3 1 
11 4 1 4 1 4 1 4 1 4 1 4 1 4 1 4 1 4 1 4 1 4 1 
11 5 1 5 1 5 1 5 1 5 1 5 1 5 1 5 1 5 1 5 1 5 1 
11 6 1 6 1 6 1 6 1 6 1 6 1 6 1 6 1 6 1 6 1 6 1 
11 7 1 7 1 7 1 7 1 7 1 7 1 7 1 7 1 7 1 7 1 7 1 
11 8 1 8 1 8 1 8 1 8 1 8 1 8 1 8 1 8 1 8 1 8 1 
11 9 1 9 1 9 1 9 1 9 1 9 1 9 1 9 1 9 1 9 1 9 1 
11 10 1 10 1 10 1 10 1 10 1 10 1 10 1 10 1 10 1 10 1 10 1 
11 11 1 11 1 11 1 11 1 11 1 11 1 11 1 11 1 11 1 11 1 11 1 
11 12 1 12 1 12 1 12 1 12 1 12 1 12 1 12 1 12 1 12 1 12 1 
11 13 1 13 1 13 1 13 1 13 1 13 1 13 1 13 1 13 1 13 1 13 1 
11 14 1 14 1 14 1 14 1 14 1 14 1 14 1 14 1 14 1 14 1 14 1 
11 15 1 15 1 15 1 15 1 15 1 15 1 15 1 15 1 15 1 15 1 15 1 
11 16 1 16 1 16 1 16 1 16 1 16 1 16 1 16 1 16 1 16 1 16 1 
11 17 1 17 1 17 1 17 1 17 1 17 1 17 1 17 1 17 1 17 1 17 1 
11 18 1 18 1 18 1 18 1 18 1 18 1 18 1 18 1 18 1 18 1 18 1 
11 19 1 19 1 19 1 19 1 19 1 19 1 19 1 19 1 19 1 19 1 19 1 
11 20 1 20 1 20 1 20 1 20 1 20 1 20 1 20 1 20 1 20 1 20 1 
11 21 1 21 1 21 1 21 1 21 1 21 1 21 1 21 1 21 1 21 1 21 1 
11 22 1 22 1 22 1 22 1 22 1 22 1 22 1 22 1 22 1 22 1 22 1 
11 23 1 23 1 23 1 23 1 23 1 23 1 23 1 23 1 23 1 23 1 23 1 
11 24 1 24 1 24 1 24 1 24 1 24 1 24 1 24 1 24 1 24 1 24 1 
11 25 1 25 1 25 1 25 1 25 1 25 1 25 1 25 1 25 1 25 1 25 1 
11 26 1 26 1 26 1 26 1 26 1 26 1 26 1 26 1 26 1 26 1 26 1 
11 27 1 27 1 27 1 27 1 27 1 27 1 27 1 27 1 27 1 27 1 27 1 
11 28 1 28 1 28 1 28 1 28 1 28 1 28 1 28 1 28 1 28 1 28 1 
11 29 1 29 1 29 1 29 1 29 1 29 1 29 1 29 1 29 1 29 1 29 1 
11 30 1 30 1 30 1 30 1 30 1 30 1 30 1 30 1 30 1 30 1 30 1 
11 31 1 31 1 31 1 31 1 31 1 31 1 31 1 31 1 31 1 31 1 31 1 
11 32 1 32 1 32 1 32 1 32 1 32 1 32 1 32 1 32 1 32 1 32 1 
11 33 1 33 1 33 1 33 1 33 1 33 1 33 1 33 1 33 1 33 1 33 1 
11 34 1 34 1 34 1 34 1 34 1 34 1 34 1 34 1 34 1 34 1 34 1 
11 35 1 35 1 35 1 35 1 35 1 35 1 35 1 35 1 35 1 35 1 35 1 
11 36 1 36 1 36 1 36 1 36 1 36 1 36 1 36 1 36 1 36 1 36 1 
11 37 1 37 1 37 1 37 1 37 1 37 1 37 1 37 1 37 1 37 1 37 1 
11 38 1 38 1 38 1 38 1 38 1 38 1 38 1 38 1 38 1 38 1 38 1 
11 39 1 39 1 39 1 39 1 39 1 39 1 39 1 39 1 39 1 39 1 39 1 
11 40 1 40 1 40 1 40 1 40 1 40 1 40 1 40 1 40 1 40 1 40 1 
11 41 1 41 1 41 1 41 1 41 1 41 1 41 1 41 1 41 1 41 1 41 1 
11 42 1 42 1 42 1 42 1 42 1 42 1 42 1 42 1 42 1 42 1 42 1 
11 43 1 43 1 43 1 43 1 43 1 43 1 43 1 43 1 43 1 43 1 43 1 
11 44 1 44 1 44 1 44 1 44 1 44 1 44 1 44 1 44 1 44 1 44 1 
11 45 1 45 1 45 1 45 1 45 1 45 1 45 1 45 1 45 1 45 1 45 1 
11 46 1 46 1 46 1 46 1 46 1 46 1 46 1 46 1 46 1 46 1 46 1 
11 47 1 47 1 47 1 47 1 47 1 47 1 47 1 47 1 47 1 47 1 47 1 
11 48 1 48 1 48 1 48 1 48 1 48 1 48 1 48 1 48 1 48 1 48 1 
10 49 1 49 1 49 1 49 1 49 1 49 1 49 1 49 1 49 1 49 1 
10 50 1 50 1 50 1 50 1 50 1 50 1 50 1 50 1 50 1 50 1 
10 51 1 51 1 51 1 51 1 51 1 51 1 51 1 51 1 51 1 51 1 
10 52 1 52 1 52 1 52 1 52 1 52 1 52 1 52 1 52 1 52 1 
10 53 1 53 1 53 1 53 1 53 1 53 1 53 1 53 1 53 1 53 1 
10 54 1 54 1 54 1 54 1 54 1 54 1 54 1 54 1 54 1 54 1 
10 55 1 55 1 55 1 55 1 55 1 55 1 55 1 55 1 55 1 55 1 
10 56 1 56 1 56 1 56 1 56 1 56 1 56 1 56 1 56 1 56 1 
10 57 1 57 1 57 1 57 1 57 1 57 1 57 1 57 1 57 1 57 1 
10 58 1 58 1 58 1 58 1 58 1 58 1 58 1 58 1 58 1 58 1 
10 59 1 59 1 59 1 59 1 59 1 59 1 59 1 59 1 59 1 59 1 
10 60 1 60 1 60 1 60 1 60 1 60 1 60 1 60 1 60 1 60 1 
10 61 1 61 1 61 1 61 1 61 1 61 1 61 1 61 1 61 1 61 1 
10 62 1 62 1 62 1 62 1 62 1 62 1 62 1 62 1 62 1 62 1 
10 63 1 63 1 63 1 63 1 63 1 63 1 63 1 63 1 63 1 63 1 
10 64 1 64 1 64 1 64 1 64 1 64 1 64 1 64 1 64 1 64 1 
10 65 1 65 1 65 1 65 1 65 1 65 1 65 1 65 1 65 1 65 1 
10 66 1 66 1 66 1 66 1 66 1 66 1 66 1 66 1 66 1 66 1 
10 67 1 67 1 67 1 67 1 67 1 67 1 67 1 67 1 67 1 67 1 
10 68 1 68 1 68 1 68 1 68 1 68 1 68 1 68 1 68 1 68 1 
10 69 1 69 1 69 1 69 1 69 1 69 1 69 1 69 1 69 1 69 1 
10 70 1 70 1 70 1 70 1 70 1 70 1 70 1 70 1 70 1 70 1 
10 71 1 71 1 71 1 71 1 71 1 71 1 71 1 71 1 71 1 71 1 
10 72 1 72 1 72 1 72 1 72 1 72 1 72 1 72 1 72 1 72 1 
10 73 1 73 1 73 1 73 1 73 1 73 1 73 1 73 1 73 1 73 1 
10 74 1 74 1 74 1 74 1 74 1 74 1 74 1 74 1 74 1 74 1 
10 75 1 75 1 75 1 75 1 75 1 75 1 75 1 75 1 75 1 75 1 
10 76 1 76 1 76 1 76 1 76 1 76 1 76 1 76 1 76 1 76 1 
10 77 1 77 1 77 1 77 1 77 1 77 1 77 1 77 1 77 1 77 1 
10 78 1 78 1 78 1 78 1 78 1 78 1 78 1 78 1 78 1 78 1 
10 79 1 79 1 79 1 79 1 79 1 79 1 79 1 79 1 79 1 79 1 
10 80 1 80 1 80 1 80 1 80 1 80 1 80 1 80 1 80 1 80 1 
10 81 1 81 1 81 1 81 1 81 1 81 1 81 1 81 1 81 1 81 1 
10 82 1 82 1 82 1 82 1 82 1 82 1 82 1 82 1 82 1 82 1 
10 83 1 83 1 83 1 83 1 83 1 83 1 83 1 83 1 83 1 83 1 
10 84 1 84 1 84 1 84 1 84 1 84 1 84 1 84 1 84 1 84 1 
10 85 1 85 1 85 1 85 1 85 1 85 1 85 1 85 1 85 1 85 1 
10 86 1 86 1 86 1 86 1 86 1 86 1 86 1 86 1 86 1 86 1 
10 87 1 87 1 87 1 87 1 87 1 87 1 87 1 87 1 87 1 87 1 
10 88 1 88 1 88 1 88 1 88 1 88 1 88 1 88 1 88 1 88 1 
10 89 1 89 1 89 1 89 1 89 1 89 1 89 1 89 1 89 1 89 1 
10 90 1 90 1 90 1 90 1 90 1 90 1 90 1 90 1 90 1 90 1 
10 91 1 91 1 91 1 91 1 91 1 91 1 91 1 91 1 91 1 91 1 
10 92 1 92 1 92 1 92 1 92 1 92 1 92 1 92 1 92 1 92 1 
10 93 1 93 1 93 1 93 1 93 1 93 1 93 1 93 1 93 1 93 1 
10 94 1 94 1 94 1 94 1 94 1 94 1 94 1 94 1 94 1 94 1 
10 95 1 95 1 95 1 95 1 95 1 95 1 95 1 95 1 95 1 95 1 
10 96 1 96 1 96 1 96 1 96 1 96 1 96 1 96 1 96 1 96 1 
10 97 1 97 1 97 1 97 1 97 1 97 1 97 1 97 1 97 1 97 1 
10 98 1 98 1 98 1 98 1 98 1 98 1 98 1 98 1 98 1 98 1 
10
99 0
99 0
99 0
99 0
99 0
99 0
99 0
99 0
99 0
99 0
