154
160
196
155
50
36
82
192
259
313
10
367
220
262
65
334
284
234
377
266
290
379
371
164
115
111
19
383
343
135
374
92
391
126
35
40
265
79
380
399
316
175
339
16
338
72
152
283
258
158
112
241
397
87
48
361
185
13
132
396
139
340
273
277
2
88
24
103
178
229
369
385
348
347
237
230
393
205
91
301
159
238
360
61
203
242
282
33
102
94
68
264
57
177
243
300
187
217
212
18
276
390
310
53
353
208
311
125
312
267
30
257
302
59
332
189
303
337
133
363
197
244
116
271
74
250
106
349
253
27
186
218
327
275
289
124
5
320
235
147
270
249
93
204
240
296
307
9
373
298
39
166
55
52
163
136
32
4
170
11
173
387
378
165
398
179
224
113
45
294
7
375
84
108
214
8
64
131
330
148
107
355
71
248
395
62
295
149
292
162
389
34
21
342
138
73
150
210
105
41
