423
221
141
359
331
46
410
148
122
208
495
435
107
496
406
301
456
186
291
419
297
279
352
381
211
334
202
196
89
341
195
110
50
464
234
215
64
320
232
206
356
58
77
135
269
56
54
132
145
238
205
87
470
127
405
422
324
226
104
3
448
270
417
174
322
16
11
358
136
44
187
314
260
378
486
241
461
2
111
412
147
129
53
24
316
338
262
144
109
138
35
327
164
459
201
80
113
380
212
379
384
25
220
497
33
312
463
249
276
177
51
49
479
438
401
455
40
415
296
81
118
306
240
274
372
307
399
216
10
319
28
21
68
345
491
154
467
310
133
411
101
255
395
29
288
39
82
382
369
344
396
478
152
348
184
460
302
167
23
287
76
317
102
342
429
163
155
420
336
225
421
326
71
227
253
487
481
22
59
91
294
47
252
32
335
353
451
207
271
158
61
469
264
284
74
266
230
458
183
198
347
176
188
197
283
236
457
88
203
179
484
474
173
285
62
245
398
210
462
281
425
453
250
332
305
166
218
389
386
293
70
67
390
18
263
170
108
257
98
483
488
162
26
397
321
414
403
178
256
171
143
84
418
1
6
78
493
434
298
139
476
36
124
446
393
490
228
430
404
180
99
383
482
114
15
362
441
374
366
275
328
14
492
251
181
315
224
361
477
30
280
500
137
150
278
450
337
318
447
480
