0 46 100 145 181 208 226 235 240
P 9
S 8 9
S 9 9
S 9 9
S 9 9
P 9
S 8 9
S 9 9
S 9 9
P 9
S 8 9
S 9 9
P 9
S 8 9
P 9
S 7 9
S 9 9
S 9 9
S 9 9
P 8
S 9 8
S 8 8
S 8 8
S 8 8
P 8
S 9 8
S 8 8
S 8 8
P 8
S 9 8
S 8 8
P 8
S 9 8
P 8
S 6 8
S 8 8
S 8 8
S 8 8
P 9
S 7 9
S 9 9
S 9 9
S 8 8
P 9
S 7 9
S 9 9
S 8 8
S 8 8
P 9
S 7 9
S 8 8
S 8 8
S 8 8
P 9
S 8 9
S 9 9
S 9 9
S 9 9
P 7
S 9 7
S 7 7
S 7 7
P 7
S 9 7
S 7 7
P 7
S 9 7
P 7
S 6 7
S 7 7
S 7 7
S 7 7
P 9
S 8 9
S 9 9
S 9 9
S 7 7
P 9
S 8 9
S 9 9
S 7 7
S 7 7
P 9
S 8 9
P 9
S 6 9
S 9 9
S 9 9
S 9 9
P 8
S 7 8
S 8 8
P 8
S 7 8
P 8
S 5 8
S 8 8
S 8 8
S 8 8
P 7
S 9 7
S 7 7
S 8 8
S 8 8
P 7
S 9 7
S 8 8
S 8 8
S 8 8
P 7
S 8 7
S 7 7
S 7 7
S 7 7
P 9
S 6 9
S 9 9
S 9 9
S 7 7
P 9
S 6 9
S 9 9
S 7 7
S 7 7
P 9
S 6 9
S 7 7
S 7 7
S 7 7
P 9
S 7 9
S 9 9
S 9 9
S 9 9
P 6
S 9 6
S 6 6
S 6 6
S 8 8
P 6
S 9 6
S 6 6
S 8 8
S 8 8
P 6
S 9 6
S 8 8
S 8 8
S 8 8
P 6
S 5 6
S 6 6
S 6 6
S 6 6
P 9
S 7 9
S 9 9
S 9 9
S 6 6
P 9
S 7 9
S 9 9
S 6 6
S 6 6
P 9
S 7 9
S 6 6
S 6 6
S 6 6
P 9
S 5 9
S 9 9
S 9 9
S 9 9
P 7
S 8 7
S 7 7
S 7 7
S 6 6
P 7
S 8 7
S 7 7
S 9 9
S 9 9
P 7
S 8 7
S 9 9
S 9 9
S 9 9
P 7
S 5 7
S 7 7
S 7 7
S 7 7
P 8
S 6 8
S 8 8
S 8 8
S 7 7
P 8
S 6 8
S 8 8
P 8
S 6 8
P 8
S 4 8
S 8 8
S 8 8
S 8 8
P 6
S 9 6
S 8 8
S 8 8
S 8 8
P 6
S 8 6
S 6 6
S 6 6
S 6 6
P 9
S 7 9
S 9 9
S 9 9
S 6 6
P 9
S 7 9
S 9 9
S 6 6
S 6 6
P 9
S 7 9
S 6 6
S 6 6
S 6 6
P 9
S 6 9
S 9 9
S 9 9
S 9 9
P 7
S 5 7
S 7 7
S 7 7
S 7 7
P 7
S 5 7
S 7 7
S 7 7
S 9 9
P 7
S 5 7
S 7 7
S 9 9
S 9 9
P 7
S 5 7
S 9 9
S 9 9
S 9 9
P 7
S 9 7
S 7 7
S 7 7
S 7 7
P 5
S 7 5
S 5 5
S 5 5
S 5 5
P 5
S 7 5
S 5 5
S 5 5
S 6 6
P 5
S 7 5
S 5 5
S 6 6
S 6 6
P 5
S 7 5
S 6 6
S 6 6
S 6 6
P 5
S 8 5
S 5 5
S 5 5
S 5 5
P 7
S 9 7
S 7 7
S 7 7
S 5 5
P 7
S 9 7
S 7 7
S 5 5
S 5 5
P 7
S 9 7
S 5 5
S 5 5
S 5 5
P 7
S 5 7
S 7 7
S 7 7
S 7 7
P 9
S 6 9
S 9 9
S 9 9
S 8 8
P 9
S 6 9
S 9 9
S 8 8
S 8 8
P 9
S 6 9
S 8 8
S 8 8
S 8 8
P 9
S 4 9
S 9 9
S 9 9
S 9 9
P 6
S 7 6
S 9 9
S 9 9
S 9 9
P 6
S 9 6
S 6 6
S 6 6
S 6 6
P 7
S 5 7
S 7 7
S 7 7
P 7
S 5 7
S 7 7
P 7
S 5 7
P 7
S 4 7
S 7 7
S 7 7
S 7 7
P 5
S 8 5
S 5 5
S 5 5
P 5
S 8 5
S 5 5
P 5
S 8 5
P 5
S 3 5
S 5 5
S 5 5
S 5 5
P 8
S 6 8
S 5 5
S 5 5
S 5 5
P 8
S 5 8
S 8 8
S 8 8
S 8 8
P 6
S 9 6
S 6 6
S 6 6
S 8 8
P 6
S 9 6
S 6 6
S 8 8
S 8 8
P 6
S 9 6
S 8 8
S 8 8
S 8 8
P 6
S 8 6
S 6 6
S 6 6
S 6 6
P 9
S 7 9
S 9 9
S 6 6
S 6 6
P 9
S 7 9
S 6 6
S 6 6
S 6 6
P 9
S 6 9
S 9 9
S 9 9
S 9 9
P 7
S 4 7
S 7 7
S 7 7
S 9 9
P 7
S 4 7
S 7 7
S 9 9
S 9 9
P 7
S 4 7
S 9 9
S 9 9
S 9 9
P 7
S 9 7
S 7 7
S 7 7
S 7 7
P 4
S 7 4
S 4 4
S 4 4
S 4 4
P 4
S 7 4
S 4 4
S 4 4
S 6 6
P 4
S 7 4
S 4 4
S 6 6
S 6 6
P 4
S 7 4
S 6 6
S 6 6
S 6 6
P 4
S 8 4
S 4 4
S 4 4
S 4 4
P 7
S 9 7
S 7 7
S 7 7
S 4 4
P 7
S 9 7
S 7 7
S 4 4
S 4 4
P 7
S 9 7
S 4 4
S 4 4
S 4 4
P 7
S 8 7
S 7 7
S 7 7
S 7 7
P 9
S 6 9
S 9 9
S 9 9
S 4 4
P 9
S 6 9
S 9 9
S 7 7
S 7 7
P 9
S 6 9
S 7 7
S 7 7
S 7 7
P 9
S 8 9
S 9 9
S 9 9
S 9 9
P 6
S 4 6
S 6 6
S 6 6
S 9 9
P 6
S 4 6
S 6 6
S 8 8
S 8 8
P 6
S 4 6
S 5 5
S 5 5
S 5 5
P 6
S 5 6
S 6 6
S 6 6
S 6 6
P 4
S 7 4
S 6 6
S 6 6
S 6 6
P 4
S 5 4
S 4 4
S 4 4
S 4 4
P 7
S 9 7
S 7 7
S 7 7
P 7
S 9 7
S 7 7
P 7
S 9 7
P 7
S 3 7
S 7 7
S 7 7
S 7 7
P 9
S 8 9
S 9 9
S 7 7
S 7 7
P 9
S 8 9
P 9
S 3 9
S 9 9
S 9 9
S 9 9
P 8
S 6 8
P 8
S 2 8
S 8 8
S 8 8
S 8 8
P 6
S 4 6
S 6 6
S 8 8
S 8 8
P 6
S 4 6
S 8 8
S 8 8
S 8 8
P 6
S 8 6
S 6 6
S 6 6
S 6 6
P 4
S 5 4
S 4 4
S 4 4
S 6 6
P 4
S 5 4
S 4 4
S 6 6
S 6 6
P 4
S 5 4
S 6 6
S 6 6
S 6 6
P 4
S 6 4
S 4 4
S 4 4
S 4 4
P 5
S 7 5
S 5 5
S 5 5
S 4 4
P 5
S 7 5
S 5 5
S 4 4
S 4 4
P 5
S 7 5
S 4 4
S 4 4
S 4 4
P 5
S 4 5
S 5 5
S 5 5
S 5 5
P 7
S 9 7
S 5 5
S 5 5
S 5 5
P 7
S 5 7
S 7 7
S 7 7
S 7 7
P 9
S 3 9
S 9 9
S 9 9
S 7 7
P 9
S 3 9
S 9 9
S 7 7
S 7 7
P 9
S 3 9
S 7 7
S 7 7
S 7 7
P 9
S 7 9
S 9 9
S 9 9
S 9 9
P 3
S 9 3
S 3 3
S 3 3
S 5 5
P 3
S 9 3
S 3 3
S 5 5
S 5 5
P 3
S 9 3
S 5 5
S 5 5
S 5 5
P 3
S 4 3
S 3 3
S 3 3
S 3 3
P 9
S 7 9
S 9 9
S 9 9
S 3 3
P 9
S 7 9
S 9 9
S 3 3
S 3 3
P 9
S 7 9
S 3 3
S 3 3
S 3 3
P 9
S 4 9
S 9 9
S 9 9
S 9 9
P 7
S 5 7
S 7 7
S 7 7
S 9 9
P 7
S 5 7
S 7 7
S 9 9
S 9 9
P 7
S 5 7
S 4 4
S 4 4
S 4 4
P 7
S 6 7
S 7 7
S 7 7
S 7 7
P 5
S 3 5
S 5 5
S 7 7
S 7 7
P 5
S 3 5
S 7 7
S 7 7
S 7 7
P 5
S 6 5
S 5 5
S 5 5
S 5 5
P 3
S 9 3
S 3 3
S 5 5
S 5 5
P 3
S 9 3
S 6 6
S 6 6
S 6 6
P 3
S 8 3
S 3 3
S 3 3
S 3 3
P 9
S 4 9
S 9 9
S 9 9
S 3 3
P 9
S 4 9
S 9 9
S 3 3
S 3 3
P 9
S 4 9
S 3 3
S 3 3
S 3 3
P 9
S 8 9
S 9 9
S 9 9
S 9 9
P 4
S 7 4
S 4 4
S 4 4
S 9 9
P 4
S 7 4
S 4 4
S 9 9
S 9 9
P 4
S 7 4
S 8 8
S 8 8
S 8 8
P 4
S 2 4
S 4 4
S 4 4
S 4 4
P 7
S 5 7
S 7 7
S 4 4
S 4 4
P 7
S 5 7
S 4 4
S 4 4
S 4 4
P 7
S 2 7
S 7 7
S 7 7
S 7 7
P 5
S 6 5
S 5 5
S 7 7
S 7 7
P 5
S 6 5
P 5
S 2 5
S 5 5
S 5 5
S 5 5
P 6
S 3 6
S 6 6
P 6
S 3 6
P 6
S 1 6
S 6 6
S 6 6
S 6 6
P 3
S 9 3
S 3 3
S 6 6
S 6 6
P 3
S 9 3
S 6 6
S 6 6
S 6 6
P 3
S 6 3
S 3 3
S 3 3
S 3 3
P 9
S 8 9
S 9 9
S 9 9
S 3 3
P 9
S 8 9
S 9 9
S 3 3
S 3 3
P 9
S 8 9
S 3 3
S 3 3
S 3 3
P 9
S 3 9
S 9 9
S 9 9
S 9 9
P 8
S 4 8
S 8 8
S 9 9
S 9 9
P 8
S 4 8
S 9 9
S 9 9
S 9 9
P 8
S 9 8
S 8 8
S 8 8
S 8 8
P 4
S 7 4
S 4 4
S 8 8
S 8 8
P 4
S 7 4
S 8 8
S 8 8
S 8 8
P 4
S 8 4
S 4 4
S 4 4
S 4 4
P 7
S 5 7
S 4 4
S 4 4
S 4 4
P 7
S 8 7
S 7 7
S 7 7
S 7 7
P 5
S 2 5
S 5 5
S 5 5
S 9 9
P 5
S 2 5
S 5 5
S 9 9
S 9 9
P 5
S 2 5
S 9 9
S 9 9
S 9 9
P 5
S 3 5
S 5 5
S 5 5
S 5 5
P 2
S 4 2
S 5 5
S 5 5
S 5 5
P 2
S 5 2
S 2 2
S 2 2
S 2 2
P 4
S 7 4
S 4 4
S 3 3
S 3 3
P 4
S 7 4
S 3 3
S 3 3
S 3 3
P 4
S 6 4
S 4 4
S 4 4
S 4 4
P 7
S 8 7
S 7 7
S 7 7
S 4 4
P 7
S 8 7
S 7 7
S 4 4
S 4 4
P 7
S 8 7
S 4 4
S 4 4
S 4 4
P 7
S 6 7
S 7 7
S 7 7
S 7 7
P 8
S 9 8
S 8 8
S 4 4
S 4 4
P 8
S 9 8
S 7 7
S 7 7
S 7 7
P 8
S 6 8
S 8 8
S 8 8
S 8 8
P 9
S 2 9
S 9 9
S 9 9
S 7 7
P 9
S 2 9
S 9 9
P 9
S 2 9
P 9
S 1 9
S 9 9
S 9 9
S 9 9
P 2
S 5 2
S 2 2
S 2 2
S 9 9
P 2
S 5 2
S 2 2
P 2
S 5 2
P 2
P 5
S 3 5
P 5
P 3
S 4 3
S 3 3
P 3
S 4 3
P 3
P 4
S 7 4
S 4 4
S 4 4
P 4
S 7 4
S 4 4
P 4
S 7 4
P 4
P 7
S 8 7
S 7 7
S 7 7
P 7
S 8 7
S 7 7
P 7
S 8 7
P 7
P 8
S 6 8
S 8 8
S 8 8
P 8
S 6 8
S 8 8
P 8
S 6 8
P 8
P 6
S 9 6
S 6 6
S 6 6
P 6
S 9 6
S 6 6
P 6
S 9 6
P 6
P 9
S 1 9
S 9 9
S 9 9
S 9 9
P 9
S 1 9
S 9 9
S 9 9
P 9
S 1 9
S 9 9
P 9
S 1 9
P 9
P 1
